<?xml version="1.0" encoding="UTF-8"?>
<!-- Generated by org.testng.reporters.JUnitXMLReporter -->
<testsuite ignored="1" hostname="DESKTOP-8316LVI" failures="0" tests="1" name="Test" time="18.955" errors="0" timestamp="2025-02-09T09:28:39 IST">
  <testcase classname="testCase.TC002_LoginTest" name="verify_login" time="2.447"/>
  <testcase classname="testCase.TC001_AccRegTest" name="verify_account_registration" time="0.0">
    <ignored/>
  </testcase> <!-- verify_account_registration -->
</testsuite> <!-- Test -->
