<?xml version="1.0" encoding="UTF-8"?>
<!-- Generated by org.testng.reporters.JUnitXMLReporter -->
<testsuite ignored="0" hostname="DESKTOP-8316LVI" failures="0" tests="3" name="Test" time="26.266" errors="0" timestamp="2025-02-14T19:16:38 IST">
  <testcase classname="testCase.TC001_AccRegTest" name="verify_account_registration" time="4.065"/>
  <testcase classname="testCase.TC002_LoginTest" name="verify_login" time="2.731"/>
  <testcase classname="testCase.TC4_SeachProduct" name="testProductSearch" time="1.183"/>
</testsuite> <!-- Test -->
