<?xml version="1.0" encoding="UTF-8"?>
<!-- Generated by org.testng.reporters.JUnitXMLReporter -->
<testsuite ignored="0" hostname="DESKTOP-8316LVI" failures="1" tests="1" name="Test(failed)" time="27.153" errors="0" timestamp="2025-01-19T11:47:56 IST">
  <testcase classname="testCase.TC002_LoginTest" name="verify_login" time="13.129">
    <failure type="java.lang.AssertionError" message="Login faild expected [true] but found [false]">
      <![CDATA[java.lang.AssertionError: Login faild expected [true] but found [false]
at testCase.TC002_LoginTest.verify_login(TC002_LoginTest.java:37)
at java.base/java.util.ArrayList.forEach(ArrayList.java:1511)
... Removed 31 stack frames]]>
    </failure>
  </testcase> <!-- verify_login -->
</testsuite> <!-- Test(failed) -->
